INFO - 2023-12-17 10:57:25 --> Session: Class initialized using 'CodeIgniter\Session\Handlers\FileHandler' driver.
INFO - 2023-12-17 10:57:35 --> Session: Class initialized using 'CodeIgniter\Session\Handlers\FileHandler' driver.
INFO - 2023-12-17 10:57:40 --> Session: Class initialized using 'CodeIgniter\Session\Handlers\FileHandler' driver.
INFO - 2023-12-17 10:57:53 --> Session: Class initialized using 'CodeIgniter\Session\Handlers\FileHandler' driver.
INFO - 2023-12-17 10:57:53 --> Session: Class initialized using 'CodeIgniter\Session\Handlers\FileHandler' driver.
INFO - 2023-12-17 10:58:03 --> Session: Class initialized using 'CodeIgniter\Session\Handlers\FileHandler' driver.
INFO - 2023-12-17 10:58:03 --> Session: Class initialized using 'CodeIgniter\Session\Handlers\FileHandler' driver.
INFO - 2023-12-17 10:58:13 --> Session: Class initialized using 'CodeIgniter\Session\Handlers\FileHandler' driver.
INFO - 2023-12-17 10:58:15 --> Session: Class initialized using 'CodeIgniter\Session\Handlers\FileHandler' driver.
INFO - 2023-12-17 11:00:40 --> Session: Class initialized using 'CodeIgniter\Session\Handlers\FileHandler' driver.
INFO - 2023-12-17 11:00:43 --> Session: Class initialized using 'CodeIgniter\Session\Handlers\FileHandler' driver.
INFO - 2023-12-17 11:02:09 --> Session: Class initialized using 'CodeIgniter\Session\Handlers\FileHandler' driver.
INFO - 2023-12-17 11:02:19 --> Session: Class initialized using 'CodeIgniter\Session\Handlers\FileHandler' driver.
INFO - 2023-12-17 11:03:03 --> Session: Class initialized using 'CodeIgniter\Session\Handlers\FileHandler' driver.
INFO - 2023-12-17 11:03:05 --> Session: Class initialized using 'CodeIgniter\Session\Handlers\FileHandler' driver.
INFO - 2023-12-17 11:03:05 --> Session: Class initialized using 'CodeIgniter\Session\Handlers\FileHandler' driver.
INFO - 2023-12-17 11:03:14 --> Session: Class initialized using 'CodeIgniter\Session\Handlers\FileHandler' driver.
INFO - 2023-12-17 11:05:09 --> Session: Class initialized using 'CodeIgniter\Session\Handlers\FileHandler' driver.
INFO - 2023-12-17 11:05:21 --> Session: Class initialized using 'CodeIgniter\Session\Handlers\FileHandler' driver.
INFO - 2023-12-17 11:05:21 --> Session: Class initialized using 'CodeIgniter\Session\Handlers\FileHandler' driver.
INFO - 2023-12-17 11:05:27 --> Session: Class initialized using 'CodeIgniter\Session\Handlers\FileHandler' driver.
CRITICAL - 2023-12-17 16:15:59 --> Class "Locale" not found
in SYSTEMPATH\CodeIgniter.php on line 194.
 1 ROOTPATH\spark(83): CodeIgniter\CodeIgniter->initialize()
INFO - 2023-12-17 15:18:52 --> Session: Class initialized using 'CodeIgniter\Session\Handlers\FileHandler' driver.
ERROR - 2023-12-17 15:18:52 --> Error connecting to the database: mysqli_sql_exception: Unknown database 'cat_care' in C:\php8\htdocs\catcare\vendor\codeigniter4\framework\system\Database\MySQLi\Connection.php:173
Stack trace:
#0 C:\php8\htdocs\catcare\vendor\codeigniter4\framework\system\Database\MySQLi\Connection.php(173): mysqli->real_connect('localhost', 'root', Object(SensitiveParameterValue), 'cat_care', 3306, '', 0)
#1 C:\php8\htdocs\catcare\vendor\codeigniter4\framework\system\Database\BaseConnection.php(391): CodeIgniter\Database\MySQLi\Connection->connect(false)
#2 C:\php8\htdocs\catcare\vendor\codeigniter4\framework\system\Database\BaseConnection.php(574): CodeIgniter\Database\BaseConnection->initialize()
#3 C:\php8\htdocs\catcare\vendor\codeigniter4\framework\system\Database\BaseBuilder.php(1616): CodeIgniter\Database\BaseConnection->query('SELECT *\nFROM `...', Array, false)
#4 C:\php8\htdocs\catcare\vendor\codeigniter4\framework\system\Model.php(241): CodeIgniter\Database\BaseBuilder->get()
#5 C:\php8\htdocs\catcare\vendor\codeigniter4\framework\system\BaseModel.php(618): CodeIgniter\Model->doFindAll(0, 0)
#6 C:\php8\htdocs\catcare\app\Controllers\Home.php(25): CodeIgniter\BaseModel->findAll()
#7 C:\php8\htdocs\catcare\vendor\codeigniter4\framework\system\CodeIgniter.php(932): App\Controllers\Home->index()
#8 C:\php8\htdocs\catcare\vendor\codeigniter4\framework\system\CodeIgniter.php(497): CodeIgniter\CodeIgniter->runController(Object(App\Controllers\Home))
#9 C:\php8\htdocs\catcare\vendor\codeigniter4\framework\system\CodeIgniter.php(366): CodeIgniter\CodeIgniter->handleRequest(NULL, Object(Config\Cache), false)
#10 C:\php8\htdocs\catcare\public\index.php(67): CodeIgniter\CodeIgniter->run()
#11 C:\php8\htdocs\catcare\vendor\codeigniter4\framework\system\Commands\Server\rewrite.php(47): require_once('C:\\php8\\htdocs\\...')
#12 {main}

Next CodeIgniter\Database\Exceptions\DatabaseException: Unknown database 'cat_care' in C:\php8\htdocs\catcare\vendor\codeigniter4\framework\system\Database\MySQLi\Connection.php:218
Stack trace:
#0 C:\php8\htdocs\catcare\vendor\codeigniter4\framework\system\Database\BaseConnection.php(391): CodeIgniter\Database\MySQLi\Connection->connect(false)
#1 C:\php8\htdocs\catcare\vendor\codeigniter4\framework\system\Database\BaseConnection.php(574): CodeIgniter\Database\BaseConnection->initialize()
#2 C:\php8\htdocs\catcare\vendor\codeigniter4\framework\system\Database\BaseBuilder.php(1616): CodeIgniter\Database\BaseConnection->query('SELECT *\nFROM `...', Array, false)
#3 C:\php8\htdocs\catcare\vendor\codeigniter4\framework\system\Model.php(241): CodeIgniter\Database\BaseBuilder->get()
#4 C:\php8\htdocs\catcare\vendor\codeigniter4\framework\system\BaseModel.php(618): CodeIgniter\Model->doFindAll(0, 0)
#5 C:\php8\htdocs\catcare\app\Controllers\Home.php(25): CodeIgniter\BaseModel->findAll()
#6 C:\php8\htdocs\catcare\vendor\codeigniter4\framework\system\CodeIgniter.php(932): App\Controllers\Home->index()
#7 C:\php8\htdocs\catcare\vendor\codeigniter4\framework\system\CodeIgniter.php(497): CodeIgniter\CodeIgniter->runController(Object(App\Controllers\Home))
#8 C:\php8\htdocs\catcare\vendor\codeigniter4\framework\system\CodeIgniter.php(366): CodeIgniter\CodeIgniter->handleRequest(NULL, Object(Config\Cache), false)
#9 C:\php8\htdocs\catcare\public\index.php(67): CodeIgniter\CodeIgniter->run()
#10 C:\php8\htdocs\catcare\vendor\codeigniter4\framework\system\Commands\Server\rewrite.php(47): require_once('C:\\php8\\htdocs\\...')
#11 {main}
CRITICAL - 2023-12-17 15:18:52 --> Unable to connect to the database.
Main connection [MySQLi]: Unknown database 'cat_care'
in SYSTEMPATH\Database\BaseConnection.php on line 427.
 1 SYSTEMPATH\Database\BaseConnection.php(574): CodeIgniter\Database\BaseConnection->initialize()
 2 SYSTEMPATH\Database\BaseBuilder.php(1616): CodeIgniter\Database\BaseConnection->query('SELECT *
FROM `tbl_service`', [], false)
 3 SYSTEMPATH\Model.php(241): CodeIgniter\Database\BaseBuilder->get()
 4 SYSTEMPATH\BaseModel.php(618): CodeIgniter\Model->doFindAll(0, 0)
 5 APPPATH\Controllers\Home.php(25): CodeIgniter\BaseModel->findAll()
 6 SYSTEMPATH\CodeIgniter.php(932): App\Controllers\Home->index()
 7 SYSTEMPATH\CodeIgniter.php(497): CodeIgniter\CodeIgniter->runController(Object(App\Controllers\Home))
 8 SYSTEMPATH\CodeIgniter.php(366): CodeIgniter\CodeIgniter->handleRequest(null, Object(Config\Cache), false)
 9 FCPATH\index.php(67): CodeIgniter\CodeIgniter->run()
10 SYSTEMPATH\Commands\Server\rewrite.php(47): require_once('C:\\php8\\htdocs\\catcare\\public\\index.php')
INFO - 2023-12-17 15:19:31 --> Session: Class initialized using 'CodeIgniter\Session\Handlers\FileHandler' driver.
ERROR - 2023-12-17 15:19:31 --> Error connecting to the database: mysqli_sql_exception: Unknown database 'cat_care' in C:\php8\htdocs\catcare\vendor\codeigniter4\framework\system\Database\MySQLi\Connection.php:173
Stack trace:
#0 C:\php8\htdocs\catcare\vendor\codeigniter4\framework\system\Database\MySQLi\Connection.php(173): mysqli->real_connect('localhost', 'root', Object(SensitiveParameterValue), 'cat_care', 3306, '', 0)
#1 C:\php8\htdocs\catcare\vendor\codeigniter4\framework\system\Database\BaseConnection.php(391): CodeIgniter\Database\MySQLi\Connection->connect(false)
#2 C:\php8\htdocs\catcare\vendor\codeigniter4\framework\system\Database\BaseConnection.php(574): CodeIgniter\Database\BaseConnection->initialize()
#3 C:\php8\htdocs\catcare\vendor\codeigniter4\framework\system\Database\BaseBuilder.php(1616): CodeIgniter\Database\BaseConnection->query('SELECT *\nFROM `...', Array, false)
#4 C:\php8\htdocs\catcare\vendor\codeigniter4\framework\system\Model.php(241): CodeIgniter\Database\BaseBuilder->get()
#5 C:\php8\htdocs\catcare\vendor\codeigniter4\framework\system\BaseModel.php(618): CodeIgniter\Model->doFindAll(0, 0)
#6 C:\php8\htdocs\catcare\app\Controllers\Home.php(25): CodeIgniter\BaseModel->findAll()
#7 C:\php8\htdocs\catcare\vendor\codeigniter4\framework\system\CodeIgniter.php(932): App\Controllers\Home->index()
#8 C:\php8\htdocs\catcare\vendor\codeigniter4\framework\system\CodeIgniter.php(497): CodeIgniter\CodeIgniter->runController(Object(App\Controllers\Home))
#9 C:\php8\htdocs\catcare\vendor\codeigniter4\framework\system\CodeIgniter.php(366): CodeIgniter\CodeIgniter->handleRequest(NULL, Object(Config\Cache), false)
#10 C:\php8\htdocs\catcare\public\index.php(67): CodeIgniter\CodeIgniter->run()
#11 C:\php8\htdocs\catcare\vendor\codeigniter4\framework\system\Commands\Server\rewrite.php(47): require_once('C:\\php8\\htdocs\\...')
#12 {main}

Next CodeIgniter\Database\Exceptions\DatabaseException: Unknown database 'cat_care' in C:\php8\htdocs\catcare\vendor\codeigniter4\framework\system\Database\MySQLi\Connection.php:218
Stack trace:
#0 C:\php8\htdocs\catcare\vendor\codeigniter4\framework\system\Database\BaseConnection.php(391): CodeIgniter\Database\MySQLi\Connection->connect(false)
#1 C:\php8\htdocs\catcare\vendor\codeigniter4\framework\system\Database\BaseConnection.php(574): CodeIgniter\Database\BaseConnection->initialize()
#2 C:\php8\htdocs\catcare\vendor\codeigniter4\framework\system\Database\BaseBuilder.php(1616): CodeIgniter\Database\BaseConnection->query('SELECT *\nFROM `...', Array, false)
#3 C:\php8\htdocs\catcare\vendor\codeigniter4\framework\system\Model.php(241): CodeIgniter\Database\BaseBuilder->get()
#4 C:\php8\htdocs\catcare\vendor\codeigniter4\framework\system\BaseModel.php(618): CodeIgniter\Model->doFindAll(0, 0)
#5 C:\php8\htdocs\catcare\app\Controllers\Home.php(25): CodeIgniter\BaseModel->findAll()
#6 C:\php8\htdocs\catcare\vendor\codeigniter4\framework\system\CodeIgniter.php(932): App\Controllers\Home->index()
#7 C:\php8\htdocs\catcare\vendor\codeigniter4\framework\system\CodeIgniter.php(497): CodeIgniter\CodeIgniter->runController(Object(App\Controllers\Home))
#8 C:\php8\htdocs\catcare\vendor\codeigniter4\framework\system\CodeIgniter.php(366): CodeIgniter\CodeIgniter->handleRequest(NULL, Object(Config\Cache), false)
#9 C:\php8\htdocs\catcare\public\index.php(67): CodeIgniter\CodeIgniter->run()
#10 C:\php8\htdocs\catcare\vendor\codeigniter4\framework\system\Commands\Server\rewrite.php(47): require_once('C:\\php8\\htdocs\\...')
#11 {main}
CRITICAL - 2023-12-17 15:19:31 --> Unable to connect to the database.
Main connection [MySQLi]: Unknown database 'cat_care'
in SYSTEMPATH\Database\BaseConnection.php on line 427.
 1 SYSTEMPATH\Database\BaseConnection.php(574): CodeIgniter\Database\BaseConnection->initialize()
 2 SYSTEMPATH\Database\BaseBuilder.php(1616): CodeIgniter\Database\BaseConnection->query('SELECT *
FROM `tbl_service`', [], false)
 3 SYSTEMPATH\Model.php(241): CodeIgniter\Database\BaseBuilder->get()
 4 SYSTEMPATH\BaseModel.php(618): CodeIgniter\Model->doFindAll(0, 0)
 5 APPPATH\Controllers\Home.php(25): CodeIgniter\BaseModel->findAll()
 6 SYSTEMPATH\CodeIgniter.php(932): App\Controllers\Home->index()
 7 SYSTEMPATH\CodeIgniter.php(497): CodeIgniter\CodeIgniter->runController(Object(App\Controllers\Home))
 8 SYSTEMPATH\CodeIgniter.php(366): CodeIgniter\CodeIgniter->handleRequest(null, Object(Config\Cache), false)
 9 FCPATH\index.php(67): CodeIgniter\CodeIgniter->run()
10 SYSTEMPATH\Commands\Server\rewrite.php(47): require_once('C:\\php8\\htdocs\\catcare\\public\\index.php')
INFO - 2023-12-17 15:19:33 --> Session: Class initialized using 'CodeIgniter\Session\Handlers\FileHandler' driver.
ERROR - 2023-12-17 15:19:33 --> Error connecting to the database: mysqli_sql_exception: Unknown database 'cat_care' in C:\php8\htdocs\catcare\vendor\codeigniter4\framework\system\Database\MySQLi\Connection.php:173
Stack trace:
#0 C:\php8\htdocs\catcare\vendor\codeigniter4\framework\system\Database\MySQLi\Connection.php(173): mysqli->real_connect('localhost', 'root', Object(SensitiveParameterValue), 'cat_care', 3306, '', 0)
#1 C:\php8\htdocs\catcare\vendor\codeigniter4\framework\system\Database\BaseConnection.php(391): CodeIgniter\Database\MySQLi\Connection->connect(false)
#2 C:\php8\htdocs\catcare\vendor\codeigniter4\framework\system\Database\BaseConnection.php(574): CodeIgniter\Database\BaseConnection->initialize()
#3 C:\php8\htdocs\catcare\vendor\codeigniter4\framework\system\Database\BaseBuilder.php(1616): CodeIgniter\Database\BaseConnection->query('SELECT *\nFROM `...', Array, false)
#4 C:\php8\htdocs\catcare\vendor\codeigniter4\framework\system\Model.php(241): CodeIgniter\Database\BaseBuilder->get()
#5 C:\php8\htdocs\catcare\vendor\codeigniter4\framework\system\BaseModel.php(618): CodeIgniter\Model->doFindAll(0, 0)
#6 C:\php8\htdocs\catcare\app\Controllers\Home.php(25): CodeIgniter\BaseModel->findAll()
#7 C:\php8\htdocs\catcare\vendor\codeigniter4\framework\system\CodeIgniter.php(932): App\Controllers\Home->index()
#8 C:\php8\htdocs\catcare\vendor\codeigniter4\framework\system\CodeIgniter.php(497): CodeIgniter\CodeIgniter->runController(Object(App\Controllers\Home))
#9 C:\php8\htdocs\catcare\vendor\codeigniter4\framework\system\CodeIgniter.php(366): CodeIgniter\CodeIgniter->handleRequest(NULL, Object(Config\Cache), false)
#10 C:\php8\htdocs\catcare\public\index.php(67): CodeIgniter\CodeIgniter->run()
#11 C:\php8\htdocs\catcare\vendor\codeigniter4\framework\system\Commands\Server\rewrite.php(47): require_once('C:\\php8\\htdocs\\...')
#12 {main}

Next CodeIgniter\Database\Exceptions\DatabaseException: Unknown database 'cat_care' in C:\php8\htdocs\catcare\vendor\codeigniter4\framework\system\Database\MySQLi\Connection.php:218
Stack trace:
#0 C:\php8\htdocs\catcare\vendor\codeigniter4\framework\system\Database\BaseConnection.php(391): CodeIgniter\Database\MySQLi\Connection->connect(false)
#1 C:\php8\htdocs\catcare\vendor\codeigniter4\framework\system\Database\BaseConnection.php(574): CodeIgniter\Database\BaseConnection->initialize()
#2 C:\php8\htdocs\catcare\vendor\codeigniter4\framework\system\Database\BaseBuilder.php(1616): CodeIgniter\Database\BaseConnection->query('SELECT *\nFROM `...', Array, false)
#3 C:\php8\htdocs\catcare\vendor\codeigniter4\framework\system\Model.php(241): CodeIgniter\Database\BaseBuilder->get()
#4 C:\php8\htdocs\catcare\vendor\codeigniter4\framework\system\BaseModel.php(618): CodeIgniter\Model->doFindAll(0, 0)
#5 C:\php8\htdocs\catcare\app\Controllers\Home.php(25): CodeIgniter\BaseModel->findAll()
#6 C:\php8\htdocs\catcare\vendor\codeigniter4\framework\system\CodeIgniter.php(932): App\Controllers\Home->index()
#7 C:\php8\htdocs\catcare\vendor\codeigniter4\framework\system\CodeIgniter.php(497): CodeIgniter\CodeIgniter->runController(Object(App\Controllers\Home))
#8 C:\php8\htdocs\catcare\vendor\codeigniter4\framework\system\CodeIgniter.php(366): CodeIgniter\CodeIgniter->handleRequest(NULL, Object(Config\Cache), false)
#9 C:\php8\htdocs\catcare\public\index.php(67): CodeIgniter\CodeIgniter->run()
#10 C:\php8\htdocs\catcare\vendor\codeigniter4\framework\system\Commands\Server\rewrite.php(47): require_once('C:\\php8\\htdocs\\...')
#11 {main}
CRITICAL - 2023-12-17 15:19:33 --> Unable to connect to the database.
Main connection [MySQLi]: Unknown database 'cat_care'
in SYSTEMPATH\Database\BaseConnection.php on line 427.
 1 SYSTEMPATH\Database\BaseConnection.php(574): CodeIgniter\Database\BaseConnection->initialize()
 2 SYSTEMPATH\Database\BaseBuilder.php(1616): CodeIgniter\Database\BaseConnection->query('SELECT *
FROM `tbl_service`', [], false)
 3 SYSTEMPATH\Model.php(241): CodeIgniter\Database\BaseBuilder->get()
 4 SYSTEMPATH\BaseModel.php(618): CodeIgniter\Model->doFindAll(0, 0)
 5 APPPATH\Controllers\Home.php(25): CodeIgniter\BaseModel->findAll()
 6 SYSTEMPATH\CodeIgniter.php(932): App\Controllers\Home->index()
 7 SYSTEMPATH\CodeIgniter.php(497): CodeIgniter\CodeIgniter->runController(Object(App\Controllers\Home))
 8 SYSTEMPATH\CodeIgniter.php(366): CodeIgniter\CodeIgniter->handleRequest(null, Object(Config\Cache), false)
 9 FCPATH\index.php(67): CodeIgniter\CodeIgniter->run()
10 SYSTEMPATH\Commands\Server\rewrite.php(47): require_once('C:\\php8\\htdocs\\catcare\\public\\index.php')
INFO - 2023-12-17 15:23:26 --> Session: Class initialized using 'CodeIgniter\Session\Handlers\FileHandler' driver.
ERROR - 2023-12-17 15:23:26 --> Error connecting to the database: mysqli_sql_exception: Unknown database 'cat_care' in C:\php8\htdocs\catcare\vendor\codeigniter4\framework\system\Database\MySQLi\Connection.php:173
Stack trace:
#0 C:\php8\htdocs\catcare\vendor\codeigniter4\framework\system\Database\MySQLi\Connection.php(173): mysqli->real_connect('localhost', 'root', Object(SensitiveParameterValue), 'cat_care', 3306, '', 0)
#1 C:\php8\htdocs\catcare\vendor\codeigniter4\framework\system\Database\BaseConnection.php(391): CodeIgniter\Database\MySQLi\Connection->connect(false)
#2 C:\php8\htdocs\catcare\vendor\codeigniter4\framework\system\Database\BaseConnection.php(574): CodeIgniter\Database\BaseConnection->initialize()
#3 C:\php8\htdocs\catcare\vendor\codeigniter4\framework\system\Database\BaseBuilder.php(1616): CodeIgniter\Database\BaseConnection->query('SELECT *\nFROM `...', Array, false)
#4 C:\php8\htdocs\catcare\vendor\codeigniter4\framework\system\Model.php(241): CodeIgniter\Database\BaseBuilder->get()
#5 C:\php8\htdocs\catcare\vendor\codeigniter4\framework\system\BaseModel.php(618): CodeIgniter\Model->doFindAll(0, 0)
#6 C:\php8\htdocs\catcare\app\Controllers\Home.php(25): CodeIgniter\BaseModel->findAll()
#7 C:\php8\htdocs\catcare\vendor\codeigniter4\framework\system\CodeIgniter.php(932): App\Controllers\Home->index()
#8 C:\php8\htdocs\catcare\vendor\codeigniter4\framework\system\CodeIgniter.php(497): CodeIgniter\CodeIgniter->runController(Object(App\Controllers\Home))
#9 C:\php8\htdocs\catcare\vendor\codeigniter4\framework\system\CodeIgniter.php(366): CodeIgniter\CodeIgniter->handleRequest(NULL, Object(Config\Cache), false)
#10 C:\php8\htdocs\catcare\public\index.php(67): CodeIgniter\CodeIgniter->run()
#11 C:\php8\htdocs\catcare\vendor\codeigniter4\framework\system\Commands\Server\rewrite.php(47): require_once('C:\\php8\\htdocs\\...')
#12 {main}

Next CodeIgniter\Database\Exceptions\DatabaseException: Unknown database 'cat_care' in C:\php8\htdocs\catcare\vendor\codeigniter4\framework\system\Database\MySQLi\Connection.php:218
Stack trace:
#0 C:\php8\htdocs\catcare\vendor\codeigniter4\framework\system\Database\BaseConnection.php(391): CodeIgniter\Database\MySQLi\Connection->connect(false)
#1 C:\php8\htdocs\catcare\vendor\codeigniter4\framework\system\Database\BaseConnection.php(574): CodeIgniter\Database\BaseConnection->initialize()
#2 C:\php8\htdocs\catcare\vendor\codeigniter4\framework\system\Database\BaseBuilder.php(1616): CodeIgniter\Database\BaseConnection->query('SELECT *\nFROM `...', Array, false)
#3 C:\php8\htdocs\catcare\vendor\codeigniter4\framework\system\Model.php(241): CodeIgniter\Database\BaseBuilder->get()
#4 C:\php8\htdocs\catcare\vendor\codeigniter4\framework\system\BaseModel.php(618): CodeIgniter\Model->doFindAll(0, 0)
#5 C:\php8\htdocs\catcare\app\Controllers\Home.php(25): CodeIgniter\BaseModel->findAll()
#6 C:\php8\htdocs\catcare\vendor\codeigniter4\framework\system\CodeIgniter.php(932): App\Controllers\Home->index()
#7 C:\php8\htdocs\catcare\vendor\codeigniter4\framework\system\CodeIgniter.php(497): CodeIgniter\CodeIgniter->runController(Object(App\Controllers\Home))
#8 C:\php8\htdocs\catcare\vendor\codeigniter4\framework\system\CodeIgniter.php(366): CodeIgniter\CodeIgniter->handleRequest(NULL, Object(Config\Cache), false)
#9 C:\php8\htdocs\catcare\public\index.php(67): CodeIgniter\CodeIgniter->run()
#10 C:\php8\htdocs\catcare\vendor\codeigniter4\framework\system\Commands\Server\rewrite.php(47): require_once('C:\\php8\\htdocs\\...')
#11 {main}
CRITICAL - 2023-12-17 15:23:26 --> Unable to connect to the database.
Main connection [MySQLi]: Unknown database 'cat_care'
in SYSTEMPATH\Database\BaseConnection.php on line 427.
 1 SYSTEMPATH\Database\BaseConnection.php(574): CodeIgniter\Database\BaseConnection->initialize()
 2 SYSTEMPATH\Database\BaseBuilder.php(1616): CodeIgniter\Database\BaseConnection->query('SELECT *
FROM `tbl_service`', [], false)
 3 SYSTEMPATH\Model.php(241): CodeIgniter\Database\BaseBuilder->get()
 4 SYSTEMPATH\BaseModel.php(618): CodeIgniter\Model->doFindAll(0, 0)
 5 APPPATH\Controllers\Home.php(25): CodeIgniter\BaseModel->findAll()
 6 SYSTEMPATH\CodeIgniter.php(932): App\Controllers\Home->index()
 7 SYSTEMPATH\CodeIgniter.php(497): CodeIgniter\CodeIgniter->runController(Object(App\Controllers\Home))
 8 SYSTEMPATH\CodeIgniter.php(366): CodeIgniter\CodeIgniter->handleRequest(null, Object(Config\Cache), false)
 9 FCPATH\index.php(67): CodeIgniter\CodeIgniter->run()
10 SYSTEMPATH\Commands\Server\rewrite.php(47): require_once('C:\\php8\\htdocs\\catcare\\public\\index.php')
CRITICAL - 2023-12-17 16:24:03 --> Class "Locale" not found
in SYSTEMPATH\CodeIgniter.php on line 194.
 1 ROOTPATH\spark(83): CodeIgniter\CodeIgniter->initialize()
INFO - 2023-12-17 15:25:12 --> Session: Class initialized using 'CodeIgniter\Session\Handlers\FileHandler' driver.
ERROR - 2023-12-17 15:25:12 --> Error connecting to the database: mysqli_sql_exception: Unknown database 'cat_care' in C:\php8\htdocs\catcare\vendor\codeigniter4\framework\system\Database\MySQLi\Connection.php:173
Stack trace:
#0 C:\php8\htdocs\catcare\vendor\codeigniter4\framework\system\Database\MySQLi\Connection.php(173): mysqli->real_connect('localhost', 'root', Object(SensitiveParameterValue), 'cat_care', 3306, '', 0)
#1 C:\php8\htdocs\catcare\vendor\codeigniter4\framework\system\Database\BaseConnection.php(391): CodeIgniter\Database\MySQLi\Connection->connect(false)
#2 C:\php8\htdocs\catcare\vendor\codeigniter4\framework\system\Database\BaseConnection.php(574): CodeIgniter\Database\BaseConnection->initialize()
#3 C:\php8\htdocs\catcare\vendor\codeigniter4\framework\system\Database\BaseBuilder.php(1616): CodeIgniter\Database\BaseConnection->query('SELECT *\nFROM `...', Array, false)
#4 C:\php8\htdocs\catcare\vendor\codeigniter4\framework\system\Model.php(241): CodeIgniter\Database\BaseBuilder->get()
#5 C:\php8\htdocs\catcare\vendor\codeigniter4\framework\system\BaseModel.php(618): CodeIgniter\Model->doFindAll(0, 0)
#6 C:\php8\htdocs\catcare\app\Controllers\Home.php(25): CodeIgniter\BaseModel->findAll()
#7 C:\php8\htdocs\catcare\vendor\codeigniter4\framework\system\CodeIgniter.php(932): App\Controllers\Home->index()
#8 C:\php8\htdocs\catcare\vendor\codeigniter4\framework\system\CodeIgniter.php(497): CodeIgniter\CodeIgniter->runController(Object(App\Controllers\Home))
#9 C:\php8\htdocs\catcare\vendor\codeigniter4\framework\system\CodeIgniter.php(366): CodeIgniter\CodeIgniter->handleRequest(NULL, Object(Config\Cache), false)
#10 C:\php8\htdocs\catcare\public\index.php(67): CodeIgniter\CodeIgniter->run()
#11 C:\php8\htdocs\catcare\vendor\codeigniter4\framework\system\Commands\Server\rewrite.php(47): require_once('C:\\php8\\htdocs\\...')
#12 {main}

Next CodeIgniter\Database\Exceptions\DatabaseException: Unknown database 'cat_care' in C:\php8\htdocs\catcare\vendor\codeigniter4\framework\system\Database\MySQLi\Connection.php:218
Stack trace:
#0 C:\php8\htdocs\catcare\vendor\codeigniter4\framework\system\Database\BaseConnection.php(391): CodeIgniter\Database\MySQLi\Connection->connect(false)
#1 C:\php8\htdocs\catcare\vendor\codeigniter4\framework\system\Database\BaseConnection.php(574): CodeIgniter\Database\BaseConnection->initialize()
#2 C:\php8\htdocs\catcare\vendor\codeigniter4\framework\system\Database\BaseBuilder.php(1616): CodeIgniter\Database\BaseConnection->query('SELECT *\nFROM `...', Array, false)
#3 C:\php8\htdocs\catcare\vendor\codeigniter4\framework\system\Model.php(241): CodeIgniter\Database\BaseBuilder->get()
#4 C:\php8\htdocs\catcare\vendor\codeigniter4\framework\system\BaseModel.php(618): CodeIgniter\Model->doFindAll(0, 0)
#5 C:\php8\htdocs\catcare\app\Controllers\Home.php(25): CodeIgniter\BaseModel->findAll()
#6 C:\php8\htdocs\catcare\vendor\codeigniter4\framework\system\CodeIgniter.php(932): App\Controllers\Home->index()
#7 C:\php8\htdocs\catcare\vendor\codeigniter4\framework\system\CodeIgniter.php(497): CodeIgniter\CodeIgniter->runController(Object(App\Controllers\Home))
#8 C:\php8\htdocs\catcare\vendor\codeigniter4\framework\system\CodeIgniter.php(366): CodeIgniter\CodeIgniter->handleRequest(NULL, Object(Config\Cache), false)
#9 C:\php8\htdocs\catcare\public\index.php(67): CodeIgniter\CodeIgniter->run()
#10 C:\php8\htdocs\catcare\vendor\codeigniter4\framework\system\Commands\Server\rewrite.php(47): require_once('C:\\php8\\htdocs\\...')
#11 {main}
CRITICAL - 2023-12-17 15:25:12 --> Unable to connect to the database.
Main connection [MySQLi]: Unknown database 'cat_care'
in SYSTEMPATH\Database\BaseConnection.php on line 427.
 1 SYSTEMPATH\Database\BaseConnection.php(574): CodeIgniter\Database\BaseConnection->initialize()
 2 SYSTEMPATH\Database\BaseBuilder.php(1616): CodeIgniter\Database\BaseConnection->query('SELECT *
FROM `tbl_service`', [], false)
 3 SYSTEMPATH\Model.php(241): CodeIgniter\Database\BaseBuilder->get()
 4 SYSTEMPATH\BaseModel.php(618): CodeIgniter\Model->doFindAll(0, 0)
 5 APPPATH\Controllers\Home.php(25): CodeIgniter\BaseModel->findAll()
 6 SYSTEMPATH\CodeIgniter.php(932): App\Controllers\Home->index()
 7 SYSTEMPATH\CodeIgniter.php(497): CodeIgniter\CodeIgniter->runController(Object(App\Controllers\Home))
 8 SYSTEMPATH\CodeIgniter.php(366): CodeIgniter\CodeIgniter->handleRequest(null, Object(Config\Cache), false)
 9 FCPATH\index.php(67): CodeIgniter\CodeIgniter->run()
10 SYSTEMPATH\Commands\Server\rewrite.php(47): require_once('C:\\php8\\htdocs\\catcare\\public\\index.php')
INFO - 2023-12-17 15:29:30 --> Session: Class initialized using 'CodeIgniter\Session\Handlers\FileHandler' driver.
ERROR - 2023-12-17 15:29:30 --> Error connecting to the database: mysqli_sql_exception: Unknown database 'cat_care' in C:\php8\htdocs\catcare\vendor\codeigniter4\framework\system\Database\MySQLi\Connection.php:173
Stack trace:
#0 C:\php8\htdocs\catcare\vendor\codeigniter4\framework\system\Database\MySQLi\Connection.php(173): mysqli->real_connect('localhost', 'root', Object(SensitiveParameterValue), 'cat_care', 3306, '', 0)
#1 C:\php8\htdocs\catcare\vendor\codeigniter4\framework\system\Database\BaseConnection.php(391): CodeIgniter\Database\MySQLi\Connection->connect(false)
#2 C:\php8\htdocs\catcare\vendor\codeigniter4\framework\system\Database\BaseConnection.php(574): CodeIgniter\Database\BaseConnection->initialize()
#3 C:\php8\htdocs\catcare\vendor\codeigniter4\framework\system\Database\BaseBuilder.php(1616): CodeIgniter\Database\BaseConnection->query('SELECT *\nFROM `...', Array, false)
#4 C:\php8\htdocs\catcare\vendor\codeigniter4\framework\system\Model.php(241): CodeIgniter\Database\BaseBuilder->get()
#5 C:\php8\htdocs\catcare\vendor\codeigniter4\framework\system\BaseModel.php(618): CodeIgniter\Model->doFindAll(0, 0)
#6 C:\php8\htdocs\catcare\app\Controllers\Home.php(25): CodeIgniter\BaseModel->findAll()
#7 C:\php8\htdocs\catcare\vendor\codeigniter4\framework\system\CodeIgniter.php(932): App\Controllers\Home->index()
#8 C:\php8\htdocs\catcare\vendor\codeigniter4\framework\system\CodeIgniter.php(497): CodeIgniter\CodeIgniter->runController(Object(App\Controllers\Home))
#9 C:\php8\htdocs\catcare\vendor\codeigniter4\framework\system\CodeIgniter.php(366): CodeIgniter\CodeIgniter->handleRequest(NULL, Object(Config\Cache), false)
#10 C:\php8\htdocs\catcare\public\index.php(67): CodeIgniter\CodeIgniter->run()
#11 C:\php8\htdocs\catcare\vendor\codeigniter4\framework\system\Commands\Server\rewrite.php(47): require_once('C:\\php8\\htdocs\\...')
#12 {main}

Next CodeIgniter\Database\Exceptions\DatabaseException: Unknown database 'cat_care' in C:\php8\htdocs\catcare\vendor\codeigniter4\framework\system\Database\MySQLi\Connection.php:218
Stack trace:
#0 C:\php8\htdocs\catcare\vendor\codeigniter4\framework\system\Database\BaseConnection.php(391): CodeIgniter\Database\MySQLi\Connection->connect(false)
#1 C:\php8\htdocs\catcare\vendor\codeigniter4\framework\system\Database\BaseConnection.php(574): CodeIgniter\Database\BaseConnection->initialize()
#2 C:\php8\htdocs\catcare\vendor\codeigniter4\framework\system\Database\BaseBuilder.php(1616): CodeIgniter\Database\BaseConnection->query('SELECT *\nFROM `...', Array, false)
#3 C:\php8\htdocs\catcare\vendor\codeigniter4\framework\system\Model.php(241): CodeIgniter\Database\BaseBuilder->get()
#4 C:\php8\htdocs\catcare\vendor\codeigniter4\framework\system\BaseModel.php(618): CodeIgniter\Model->doFindAll(0, 0)
#5 C:\php8\htdocs\catcare\app\Controllers\Home.php(25): CodeIgniter\BaseModel->findAll()
#6 C:\php8\htdocs\catcare\vendor\codeigniter4\framework\system\CodeIgniter.php(932): App\Controllers\Home->index()
#7 C:\php8\htdocs\catcare\vendor\codeigniter4\framework\system\CodeIgniter.php(497): CodeIgniter\CodeIgniter->runController(Object(App\Controllers\Home))
#8 C:\php8\htdocs\catcare\vendor\codeigniter4\framework\system\CodeIgniter.php(366): CodeIgniter\CodeIgniter->handleRequest(NULL, Object(Config\Cache), false)
#9 C:\php8\htdocs\catcare\public\index.php(67): CodeIgniter\CodeIgniter->run()
#10 C:\php8\htdocs\catcare\vendor\codeigniter4\framework\system\Commands\Server\rewrite.php(47): require_once('C:\\php8\\htdocs\\...')
#11 {main}
CRITICAL - 2023-12-17 15:29:30 --> Unable to connect to the database.
Main connection [MySQLi]: Unknown database 'cat_care'
in SYSTEMPATH\Database\BaseConnection.php on line 427.
 1 SYSTEMPATH\Database\BaseConnection.php(574): CodeIgniter\Database\BaseConnection->initialize()
 2 SYSTEMPATH\Database\BaseBuilder.php(1616): CodeIgniter\Database\BaseConnection->query('SELECT *
FROM `tbl_service`', [], false)
 3 SYSTEMPATH\Model.php(241): CodeIgniter\Database\BaseBuilder->get()
 4 SYSTEMPATH\BaseModel.php(618): CodeIgniter\Model->doFindAll(0, 0)
 5 APPPATH\Controllers\Home.php(25): CodeIgniter\BaseModel->findAll()
 6 SYSTEMPATH\CodeIgniter.php(932): App\Controllers\Home->index()
 7 SYSTEMPATH\CodeIgniter.php(497): CodeIgniter\CodeIgniter->runController(Object(App\Controllers\Home))
 8 SYSTEMPATH\CodeIgniter.php(366): CodeIgniter\CodeIgniter->handleRequest(null, Object(Config\Cache), false)
 9 FCPATH\index.php(67): CodeIgniter\CodeIgniter->run()
10 SYSTEMPATH\Commands\Server\rewrite.php(47): require_once('C:\\php8\\htdocs\\catcare\\public\\index.php')
INFO - 2023-12-17 15:29:34 --> Session: Class initialized using 'CodeIgniter\Session\Handlers\FileHandler' driver.
ERROR - 2023-12-17 15:29:34 --> Error connecting to the database: mysqli_sql_exception: Unknown database 'cat_care' in C:\php8\htdocs\catcare\vendor\codeigniter4\framework\system\Database\MySQLi\Connection.php:173
Stack trace:
#0 C:\php8\htdocs\catcare\vendor\codeigniter4\framework\system\Database\MySQLi\Connection.php(173): mysqli->real_connect('localhost', 'root', Object(SensitiveParameterValue), 'cat_care', 3306, '', 0)
#1 C:\php8\htdocs\catcare\vendor\codeigniter4\framework\system\Database\BaseConnection.php(391): CodeIgniter\Database\MySQLi\Connection->connect(false)
#2 C:\php8\htdocs\catcare\vendor\codeigniter4\framework\system\Database\BaseConnection.php(574): CodeIgniter\Database\BaseConnection->initialize()
#3 C:\php8\htdocs\catcare\vendor\codeigniter4\framework\system\Database\BaseBuilder.php(1616): CodeIgniter\Database\BaseConnection->query('SELECT *\nFROM `...', Array, false)
#4 C:\php8\htdocs\catcare\vendor\codeigniter4\framework\system\Model.php(241): CodeIgniter\Database\BaseBuilder->get()
#5 C:\php8\htdocs\catcare\vendor\codeigniter4\framework\system\BaseModel.php(618): CodeIgniter\Model->doFindAll(0, 0)
#6 C:\php8\htdocs\catcare\app\Controllers\Home.php(25): CodeIgniter\BaseModel->findAll()
#7 C:\php8\htdocs\catcare\vendor\codeigniter4\framework\system\CodeIgniter.php(932): App\Controllers\Home->index()
#8 C:\php8\htdocs\catcare\vendor\codeigniter4\framework\system\CodeIgniter.php(497): CodeIgniter\CodeIgniter->runController(Object(App\Controllers\Home))
#9 C:\php8\htdocs\catcare\vendor\codeigniter4\framework\system\CodeIgniter.php(366): CodeIgniter\CodeIgniter->handleRequest(NULL, Object(Config\Cache), false)
#10 C:\php8\htdocs\catcare\public\index.php(67): CodeIgniter\CodeIgniter->run()
#11 C:\php8\htdocs\catcare\vendor\codeigniter4\framework\system\Commands\Server\rewrite.php(47): require_once('C:\\php8\\htdocs\\...')
#12 {main}

Next CodeIgniter\Database\Exceptions\DatabaseException: Unknown database 'cat_care' in C:\php8\htdocs\catcare\vendor\codeigniter4\framework\system\Database\MySQLi\Connection.php:218
Stack trace:
#0 C:\php8\htdocs\catcare\vendor\codeigniter4\framework\system\Database\BaseConnection.php(391): CodeIgniter\Database\MySQLi\Connection->connect(false)
#1 C:\php8\htdocs\catcare\vendor\codeigniter4\framework\system\Database\BaseConnection.php(574): CodeIgniter\Database\BaseConnection->initialize()
#2 C:\php8\htdocs\catcare\vendor\codeigniter4\framework\system\Database\BaseBuilder.php(1616): CodeIgniter\Database\BaseConnection->query('SELECT *\nFROM `...', Array, false)
#3 C:\php8\htdocs\catcare\vendor\codeigniter4\framework\system\Model.php(241): CodeIgniter\Database\BaseBuilder->get()
#4 C:\php8\htdocs\catcare\vendor\codeigniter4\framework\system\BaseModel.php(618): CodeIgniter\Model->doFindAll(0, 0)
#5 C:\php8\htdocs\catcare\app\Controllers\Home.php(25): CodeIgniter\BaseModel->findAll()
#6 C:\php8\htdocs\catcare\vendor\codeigniter4\framework\system\CodeIgniter.php(932): App\Controllers\Home->index()
#7 C:\php8\htdocs\catcare\vendor\codeigniter4\framework\system\CodeIgniter.php(497): CodeIgniter\CodeIgniter->runController(Object(App\Controllers\Home))
#8 C:\php8\htdocs\catcare\vendor\codeigniter4\framework\system\CodeIgniter.php(366): CodeIgniter\CodeIgniter->handleRequest(NULL, Object(Config\Cache), false)
#9 C:\php8\htdocs\catcare\public\index.php(67): CodeIgniter\CodeIgniter->run()
#10 C:\php8\htdocs\catcare\vendor\codeigniter4\framework\system\Commands\Server\rewrite.php(47): require_once('C:\\php8\\htdocs\\...')
#11 {main}
CRITICAL - 2023-12-17 15:29:34 --> Unable to connect to the database.
Main connection [MySQLi]: Unknown database 'cat_care'
in SYSTEMPATH\Database\BaseConnection.php on line 427.
 1 SYSTEMPATH\Database\BaseConnection.php(574): CodeIgniter\Database\BaseConnection->initialize()
 2 SYSTEMPATH\Database\BaseBuilder.php(1616): CodeIgniter\Database\BaseConnection->query('SELECT *
FROM `tbl_service`', [], false)
 3 SYSTEMPATH\Model.php(241): CodeIgniter\Database\BaseBuilder->get()
 4 SYSTEMPATH\BaseModel.php(618): CodeIgniter\Model->doFindAll(0, 0)
 5 APPPATH\Controllers\Home.php(25): CodeIgniter\BaseModel->findAll()
 6 SYSTEMPATH\CodeIgniter.php(932): App\Controllers\Home->index()
 7 SYSTEMPATH\CodeIgniter.php(497): CodeIgniter\CodeIgniter->runController(Object(App\Controllers\Home))
 8 SYSTEMPATH\CodeIgniter.php(366): CodeIgniter\CodeIgniter->handleRequest(null, Object(Config\Cache), false)
 9 FCPATH\index.php(67): CodeIgniter\CodeIgniter->run()
10 SYSTEMPATH\Commands\Server\rewrite.php(47): require_once('C:\\php8\\htdocs\\catcare\\public\\index.php')
INFO - 2023-12-17 15:31:26 --> Session: Class initialized using 'CodeIgniter\Session\Handlers\FileHandler' driver.
INFO - 2023-12-17 15:31:36 --> Session: Class initialized using 'CodeIgniter\Session\Handlers\FileHandler' driver.
INFO - 2023-12-17 15:31:43 --> Session: Class initialized using 'CodeIgniter\Session\Handlers\FileHandler' driver.
INFO - 2023-12-17 15:41:36 --> Session: Class initialized using 'CodeIgniter\Session\Handlers\FileHandler' driver.
INFO - 2023-12-17 15:41:40 --> Session: Class initialized using 'CodeIgniter\Session\Handlers\FileHandler' driver.
CRITICAL - 2023-12-17 15:41:40 --> Class "App\Controllers\GroomingModel" not found
in APPPATH\Controllers\Home.php on line 38.
 1 SYSTEMPATH\CodeIgniter.php(932): App\Controllers\Home->servis()
 2 SYSTEMPATH\CodeIgniter.php(497): CodeIgniter\CodeIgniter->runController(Object(App\Controllers\Home))
 3 SYSTEMPATH\CodeIgniter.php(366): CodeIgniter\CodeIgniter->handleRequest(null, Object(Config\Cache), false)
 4 FCPATH\index.php(67): CodeIgniter\CodeIgniter->run()
 5 SYSTEMPATH\Commands\Server\rewrite.php(47): require_once('C:\\php8\\htdocs\\catcare\\public\\index.php')
INFO - 2023-12-17 15:42:27 --> Session: Class initialized using 'CodeIgniter\Session\Handlers\FileHandler' driver.
CRITICAL - 2023-12-17 15:42:27 --> Class "App\Controllers\GroomingModel" not found
in APPPATH\Controllers\Home.php on line 38.
 1 SYSTEMPATH\CodeIgniter.php(932): App\Controllers\Home->servis()
 2 SYSTEMPATH\CodeIgniter.php(497): CodeIgniter\CodeIgniter->runController(Object(App\Controllers\Home))
 3 SYSTEMPATH\CodeIgniter.php(366): CodeIgniter\CodeIgniter->handleRequest(null, Object(Config\Cache), false)
 4 FCPATH\index.php(67): CodeIgniter\CodeIgniter->run()
 5 SYSTEMPATH\Commands\Server\rewrite.php(47): require_once('C:\\php8\\htdocs\\catcare\\public\\index.php')
INFO - 2023-12-17 15:42:30 --> Session: Class initialized using 'CodeIgniter\Session\Handlers\FileHandler' driver.
CRITICAL - 2023-12-17 15:42:30 --> Class "App\Controllers\GroomingModel" not found
in APPPATH\Controllers\Home.php on line 38.
 1 SYSTEMPATH\CodeIgniter.php(932): App\Controllers\Home->servis()
 2 SYSTEMPATH\CodeIgniter.php(497): CodeIgniter\CodeIgniter->runController(Object(App\Controllers\Home))
 3 SYSTEMPATH\CodeIgniter.php(366): CodeIgniter\CodeIgniter->handleRequest(null, Object(Config\Cache), false)
 4 FCPATH\index.php(67): CodeIgniter\CodeIgniter->run()
 5 SYSTEMPATH\Commands\Server\rewrite.php(47): require_once('C:\\php8\\htdocs\\catcare\\public\\index.php')
INFO - 2023-12-17 15:44:01 --> Session: Class initialized using 'CodeIgniter\Session\Handlers\FileHandler' driver.
CRITICAL - 2023-12-17 15:44:01 --> Invalid file: "harga_grooming.php"
in SYSTEMPATH\Exceptions\FrameworkException.php on line 33.
 1 SYSTEMPATH\View\View.php(212): CodeIgniter\Exceptions\FrameworkException::forInvalidFile('harga_grooming.php')
 2 SYSTEMPATH\Common.php(1180): CodeIgniter\View\View->render('harga_grooming', [], true)
 3 APPPATH\Controllers\Home.php(53): view('harga_grooming', [...])
 4 SYSTEMPATH\CodeIgniter.php(932): App\Controllers\Home->servis()
 5 SYSTEMPATH\CodeIgniter.php(497): CodeIgniter\CodeIgniter->runController(Object(App\Controllers\Home))
 6 SYSTEMPATH\CodeIgniter.php(366): CodeIgniter\CodeIgniter->handleRequest(null, Object(Config\Cache), false)
 7 FCPATH\index.php(67): CodeIgniter\CodeIgniter->run()
 8 SYSTEMPATH\Commands\Server\rewrite.php(47): require_once('C:\\php8\\htdocs\\catcare\\public\\index.php')
INFO - 2023-12-17 15:45:28 --> Session: Class initialized using 'CodeIgniter\Session\Handlers\FileHandler' driver.
CRITICAL - 2023-12-17 15:45:28 --> Invalid file: "gallery.php"
in SYSTEMPATH\Exceptions\FrameworkException.php on line 33.
 1 SYSTEMPATH\View\View.php(212): CodeIgniter\Exceptions\FrameworkException::forInvalidFile('gallery.php')
 2 SYSTEMPATH\Common.php(1180): CodeIgniter\View\View->render('gallery', [], true)
 3 APPPATH\Controllers\Home.php(54): view('gallery', [...])
 4 SYSTEMPATH\CodeIgniter.php(932): App\Controllers\Home->servis()
 5 SYSTEMPATH\CodeIgniter.php(497): CodeIgniter\CodeIgniter->runController(Object(App\Controllers\Home))
 6 SYSTEMPATH\CodeIgniter.php(366): CodeIgniter\CodeIgniter->handleRequest(null, Object(Config\Cache), false)
 7 FCPATH\index.php(67): CodeIgniter\CodeIgniter->run()
 8 SYSTEMPATH\Commands\Server\rewrite.php(47): require_once('C:\\php8\\htdocs\\catcare\\public\\index.php')
INFO - 2023-12-17 15:45:48 --> Session: Class initialized using 'CodeIgniter\Session\Handlers\FileHandler' driver.
INFO - 2023-12-17 15:45:55 --> Session: Class initialized using 'CodeIgniter\Session\Handlers\FileHandler' driver.
INFO - 2023-12-17 15:48:50 --> Session: Class initialized using 'CodeIgniter\Session\Handlers\FileHandler' driver.
INFO - 2023-12-17 15:49:00 --> Session: Class initialized using 'CodeIgniter\Session\Handlers\FileHandler' driver.
INFO - 2023-12-17 15:49:04 --> Session: Class initialized using 'CodeIgniter\Session\Handlers\FileHandler' driver.
INFO - 2023-12-17 15:49:48 --> Session: Class initialized using 'CodeIgniter\Session\Handlers\FileHandler' driver.
INFO - 2023-12-17 15:49:48 --> Session: Class initialized using 'CodeIgniter\Session\Handlers\FileHandler' driver.
INFO - 2023-12-17 15:49:56 --> Session: Class initialized using 'CodeIgniter\Session\Handlers\FileHandler' driver.
INFO - 2023-12-17 15:50:06 --> Session: Class initialized using 'CodeIgniter\Session\Handlers\FileHandler' driver.
INFO - 2023-12-17 15:50:10 --> Session: Class initialized using 'CodeIgniter\Session\Handlers\FileHandler' driver.
INFO - 2023-12-17 15:56:41 --> Session: Class initialized using 'CodeIgniter\Session\Handlers\FileHandler' driver.
INFO - 2023-12-17 15:56:48 --> Session: Class initialized using 'CodeIgniter\Session\Handlers\FileHandler' driver.
INFO - 2023-12-17 15:56:56 --> Session: Class initialized using 'CodeIgniter\Session\Handlers\FileHandler' driver.
INFO - 2023-12-17 16:10:31 --> Session: Class initialized using 'CodeIgniter\Session\Handlers\FileHandler' driver.
INFO - 2023-12-17 16:10:36 --> Session: Class initialized using 'CodeIgniter\Session\Handlers\FileHandler' driver.
INFO - 2023-12-17 16:10:46 --> Session: Class initialized using 'CodeIgniter\Session\Handlers\FileHandler' driver.
INFO - 2023-12-17 16:10:50 --> Session: Class initialized using 'CodeIgniter\Session\Handlers\FileHandler' driver.
INFO - 2023-12-17 16:11:01 --> Session: Class initialized using 'CodeIgniter\Session\Handlers\FileHandler' driver.
INFO - 2023-12-17 16:11:01 --> Session: Class initialized using 'CodeIgniter\Session\Handlers\FileHandler' driver.
INFO - 2023-12-17 16:11:12 --> Session: Class initialized using 'CodeIgniter\Session\Handlers\FileHandler' driver.
INFO - 2023-12-17 16:11:15 --> Session: Class initialized using 'CodeIgniter\Session\Handlers\FileHandler' driver.
INFO - 2023-12-17 16:11:18 --> Session: Class initialized using 'CodeIgniter\Session\Handlers\FileHandler' driver.
